<?xml version="1.0" encoding="UTF-8"?>
<!-- Generated by org.testng.reporters.JUnitReportReporter -->
<testsuite hostname="DESKTOP-OGE7II3" failures="0" tests="1" name="com.tyss.easywhiz.user.OrderProductTest" time="43.412" errors="0" timestamp="2024-04-17T11:36:09 IST" skipped="0">
  <testcase classname="com.tyss.easywhiz.user.OrderProductTest" name="orderProductTest" time="43.412"/>
  <system-out/>
</testsuite> <!-- com.tyss.easywhiz.user.OrderProductTest -->
