<?xml version="1.0" encoding="UTF-8"?>
<!-- Generated by org.testng.reporters.JUnitReportReporter -->
<testsuite hostname="DESKTOP-OGE7II3" failures="0" tests="1" name="com.tyss.easywhiz.admin.AdminLogiLogoutTest" time="9.974" errors="0" timestamp="2024-04-12T11:16:25 IST" skipped="0">
  <testcase classname="com.tyss.easywhiz.admin.AdminLogiLogoutTest" name="loginLogout" time="9.974"/>
  <system-out>
    <![CDATA[Logged In
Pass: Logout Succesful message is displayed]]>
  </system-out>
</testsuite> <!-- com.tyss.easywhiz.admin.AdminLogiLogoutTest -->
