<?xml version="1.0" encoding="UTF-8"?>
<!-- Generated by org.testng.reporters.JUnitReportReporter -->
<testsuite hostname="DESKTOP-OGE7II3" failures="0" tests="2" name="learnTestNg.LearnTestNgAnnotations" time="0.033" errors="0" timestamp="2024-04-08T13:31:56 IST" skipped="0">
  <testcase classname="learnTestNg.LearnTestNgAnnotations" name="actualTestScript2" time="0.023"/>
  <system-out/>
  <testcase classname="learnTestNg.LearnTestNgAnnotations" name="actualTestScript" time="0.010"/>
  <system-out/>
</testsuite> <!-- learnTestNg.LearnTestNgAnnotations -->
