<?xml version="1.0" encoding="UTF-8"?>
<!-- Generated by org.testng.reporters.JUnitReportReporter -->
<testsuite hostname="DESKTOP-OGE7II3" failures="0" tests="1" name="com.tyss.easywhiz.admin.AdminLoginLogoutBaseClassTest" time="2.114" errors="0" timestamp="2024-04-10T10:24:05 IST" skipped="0">
  <testcase classname="com.tyss.easywhiz.admin.AdminLoginLogoutBaseClassTest" name="loginLogout" time="2.114"/>
  <system-out>
    <![CDATA[Successfully logged in
Logged out succesfully]]>
  </system-out>
</testsuite> <!-- com.tyss.easywhiz.admin.AdminLoginLogoutBaseClassTest -->
