<?xml version="1.0" encoding="UTF-8"?>
<!-- Generated by org.testng.reporters.JUnitReportReporter -->
<testsuite hostname="DESKTOP-OGE7II3" failures="0" tests="8" name="learnTestNg.DemoTestNg" time="0.156" errors="0" timestamp="2024-04-05T17:14:59 IST" skipped="1">
  <testcase classname="learnTestNg.DemoTestNg" name="payment" time="0.006"/>
  <system-out/>
  <testcase classname="learnTestNg.DemoTestNg" name="product" time="0.006"/>
  <system-out/>
  <testcase classname="learnTestNg.DemoTestNg" name="addToCart" time="0.086"/>
  <system-out/>
  <testcase classname="learnTestNg.DemoTestNg" name="logout" time="0.015"/>
  <system-out/>
  <testcase classname="learnTestNg.DemoTestNg" name="logout" time="0.028"/>
  <system-out/>
  <testcase classname="learnTestNg.DemoTestNg" name="logout" time="0.004"/>
  <system-out/>
  <testcase classname="learnTestNg.DemoTestNg" name="logout" time="0.011"/>
  <system-out/>
  <testcase classname="learnTestNg.DemoTestNg" name="home">
    <skipped/>
  </testcase> <!-- home -->
  <system-out/>
</testsuite> <!-- learnTestNg.DemoTestNg -->
