<?xml version="1.0" encoding="UTF-8"?>
<!-- Generated by org.testng.reporters.JUnitReportReporter -->
<testsuite hostname="DESKTOP-OGE7II3" failures="0" tests="1" name="com.tyss.easywhiz.user.OrderProductAndTrackOrderSameProductTest" time="79.122" errors="0" timestamp="2024-04-17T17:14:46 IST" skipped="0">
  <testcase classname="com.tyss.easywhiz.user.OrderProductAndTrackOrderSameProductTest" name="orderProductAndTrack" time="79.122"/>
  <system-out/>
</testsuite> <!-- com.tyss.easywhiz.user.OrderProductAndTrackOrderSameProductTest -->
